  PandoraSimulator.cpp
LINK : warning LNK4098: 默认库“LIBCMTD”与其他库的使用冲突；请使用 /NODEFAULTLIB:library
cwCTPDLL.lib(cwAutoCriticalSection.obj) : warning LNK4099: 未找到 PDB“cwCTPDLL.pdb”(使用“cwCTPDLL.lib(cwAutoCriticalSection.obj)”或在“D:\Dev01_C++\git_workspace\PandoraTrader-master\x64\Debug\cwCTPDLL.pdb”中寻找)；正在链接对象，如同没有调试信息一样
cwCTPDLL.lib(cwBasicCout.obj) : warning LNK4099: 未找到 PDB“cwCTPDLL.pdb”(使用“cwCTPDLL.lib(cwBasicCout.obj)”或在“D:\Dev01_C++\git_workspace\PandoraTrader-master\x64\Debug\cwCTPDLL.pdb”中寻找)；正在链接对象，如同没有调试信息一样
cwCTPDLL.lib(cwBasicMdSpi.obj) : warning LNK4099: 未找到 PDB“cwCTPDLL.pdb”(使用“cwCTPDLL.lib(cwBasicMdSpi.obj)”或在“D:\Dev01_C++\git_workspace\PandoraTrader-master\x64\Debug\cwCTPDLL.pdb”中寻找)；正在链接对象，如同没有调试信息一样
cwCTPDLL.lib(cwBasicSimulator.obj) : warning LNK4099: 未找到 PDB“cwCTPDLL.pdb”(使用“cwCTPDLL.lib(cwBasicSimulator.obj)”或在“D:\Dev01_C++\git_workspace\PandoraTrader-master\x64\Debug\cwCTPDLL.pdb”中寻找)；正在链接对象，如同没有调试信息一样
cwCTPDLL.lib(cwBasicStrategy.obj) : warning LNK4099: 未找到 PDB“cwCTPDLL.pdb”(使用“cwCTPDLL.lib(cwBasicStrategy.obj)”或在“D:\Dev01_C++\git_workspace\PandoraTrader-master\x64\Debug\cwCTPDLL.pdb”中寻找)；正在链接对象，如同没有调试信息一样
cwCTPDLL.lib(cwBasicTradeSpi.obj) : warning LNK4099: 未找到 PDB“cwCTPDLL.pdb”(使用“cwCTPDLL.lib(cwBasicTradeSpi.obj)”或在“D:\Dev01_C++\git_workspace\PandoraTrader-master\x64\Debug\cwCTPDLL.pdb”中寻找)；正在链接对象，如同没有调试信息一样
cwCTPDLL.lib(cwCriticalSection.obj) : warning LNK4099: 未找到 PDB“cwCTPDLL.pdb”(使用“cwCTPDLL.lib(cwCriticalSection.obj)”或在“D:\Dev01_C++\git_workspace\PandoraTrader-master\x64\Debug\cwCTPDLL.pdb”中寻找)；正在链接对象，如同没有调试信息一样
cwCTPDLL.lib(cwLog.obj) : warning LNK4099: 未找到 PDB“cwCTPDLL.pdb”(使用“cwCTPDLL.lib(cwLog.obj)”或在“D:\Dev01_C++\git_workspace\PandoraTrader-master\x64\Debug\cwCTPDLL.pdb”中寻找)；正在链接对象，如同没有调试信息一样
cwCTPDLL.lib(cwMarketTime.obj) : warning LNK4099: 未找到 PDB“cwCTPDLL.pdb”(使用“cwCTPDLL.lib(cwMarketTime.obj)”或在“D:\Dev01_C++\git_workspace\PandoraTrader-master\x64\Debug\cwCTPDLL.pdb”中寻找)；正在链接对象，如同没有调试信息一样
cwCTPDLL.lib(cwOrderReference.obj) : warning LNK4099: 未找到 PDB“cwCTPDLL.pdb”(使用“cwCTPDLL.lib(cwOrderReference.obj)”或在“D:\Dev01_C++\git_workspace\PandoraTrader-master\x64\Debug\cwCTPDLL.pdb”中寻找)；正在链接对象，如同没有调试信息一样
cwCTPDLL.lib(cwPegasusSimulator.obj) : warning LNK4099: 未找到 PDB“cwCTPDLL.pdb”(使用“cwCTPDLL.lib(cwPegasusSimulator.obj)”或在“D:\Dev01_C++\git_workspace\PandoraTrader-master\x64\Debug\cwCTPDLL.pdb”中寻找)；正在链接对象，如同没有调试信息一样
cwCTPDLL.lib(cwProductTradeTime.obj) : warning LNK4099: 未找到 PDB“cwCTPDLL.pdb”(使用“cwCTPDLL.lib(cwProductTradeTime.obj)”或在“D:\Dev01_C++\git_workspace\PandoraTrader-master\x64\Debug\cwCTPDLL.pdb”中寻找)；正在链接对象，如同没有调试信息一样
cwCTPDLL.lib(cwSettlement.obj) : warning LNK4099: 未找到 PDB“cwCTPDLL.pdb”(使用“cwCTPDLL.lib(cwSettlement.obj)”或在“D:\Dev01_C++\git_workspace\PandoraTrader-master\x64\Debug\cwCTPDLL.pdb”中寻找)；正在链接对象，如同没有调试信息一样
cwCTPDLL.lib(cwSimMdSpi.obj) : warning LNK4099: 未找到 PDB“cwCTPDLL.pdb”(使用“cwCTPDLL.lib(cwSimMdSpi.obj)”或在“D:\Dev01_C++\git_workspace\PandoraTrader-master\x64\Debug\cwCTPDLL.pdb”中寻找)；正在链接对象，如同没有调试信息一样
cwCTPDLL.lib(cwSimTradeSpi.obj) : warning LNK4099: 未找到 PDB“cwCTPDLL.pdb”(使用“cwCTPDLL.lib(cwSimTradeSpi.obj)”或在“D:\Dev01_C++\git_workspace\PandoraTrader-master\x64\Debug\cwCTPDLL.pdb”中寻找)；正在链接对象，如同没有调试信息一样
cwCTPDLL.lib(cwStrategyLog.obj) : warning LNK4099: 未找到 PDB“cwCTPDLL.pdb”(使用“cwCTPDLL.lib(cwStrategyLog.obj)”或在“D:\Dev01_C++\git_workspace\PandoraTrader-master\x64\Debug\cwCTPDLL.pdb”中寻找)；正在链接对象，如同没有调试信息一样
cwCTPDLL.lib(cwTickTradeManager.obj) : warning LNK4099: 未找到 PDB“cwCTPDLL.pdb”(使用“cwCTPDLL.lib(cwTickTradeManager.obj)”或在“D:\Dev01_C++\git_workspace\PandoraTrader-master\x64\Debug\cwCTPDLL.pdb”中寻找)；正在链接对象，如同没有调试信息一样
cwCTPDLL.lib(cwTradeCommonDefine.obj) : warning LNK4099: 未找到 PDB“cwCTPDLL.pdb”(使用“cwCTPDLL.lib(cwTradeCommonDefine.obj)”或在“D:\Dev01_C++\git_workspace\PandoraTrader-master\x64\Debug\cwCTPDLL.pdb”中寻找)；正在链接对象，如同没有调试信息一样
cwCTPDLL.lib(cwTradeLog.obj) : warning LNK4099: 未找到 PDB“cwCTPDLL.pdb”(使用“cwCTPDLL.lib(cwTradeLog.obj)”或在“D:\Dev01_C++\git_workspace\PandoraTrader-master\x64\Debug\cwCTPDLL.pdb”中寻找)；正在链接对象，如同没有调试信息一样
cwStrategys.lib(csvparser.obj) : warning LNK4099: 未找到 PDB“cwStrategys.pdb”(使用“cwStrategys.lib(csvparser.obj)”或在“D:\Dev01_C++\git_workspace\PandoraTrader-master\x64\Debug\cwStrategys.pdb”中寻找)；正在链接对象，如同没有调试信息一样
tinyxml.lib(tinystr.obj) : warning LNK4099: 未找到 PDB“tinyxml.pdb”(使用“tinyxml.lib(tinystr.obj)”或在“D:\Dev01_C++\git_workspace\PandoraTrader-master\x64\Debug\tinyxml.pdb”中寻找)；正在链接对象，如同没有调试信息一样
tinyxml.lib(tinyxml.obj) : warning LNK4099: 未找到 PDB“tinyxml.pdb”(使用“tinyxml.lib(tinyxml.obj)”或在“D:\Dev01_C++\git_workspace\PandoraTrader-master\x64\Debug\tinyxml.pdb”中寻找)；正在链接对象，如同没有调试信息一样
tinyxml.lib(tinyxmlerror.obj) : warning LNK4099: 未找到 PDB“tinyxml.pdb”(使用“tinyxml.lib(tinyxmlerror.obj)”或在“D:\Dev01_C++\git_workspace\PandoraTrader-master\x64\Debug\tinyxml.pdb”中寻找)；正在链接对象，如同没有调试信息一样
tinyxml.lib(tinyxmlparser.obj) : warning LNK4099: 未找到 PDB“tinyxml.pdb”(使用“tinyxml.lib(tinyxmlparser.obj)”或在“D:\Dev01_C++\git_workspace\PandoraTrader-master\x64\Debug\tinyxml.pdb”中寻找)；正在链接对象，如同没有调试信息一样
  PandoraSimulator.vcxproj -> D:\Dev01_C++\git_workspace\PandoraTrader-master\x64\Debug\PandoraSimulator.exe
  请在PandoraSimulatorConfig.xml配置账户等信息！
  已复制         1 个文件。
